Построение начато 09.12.2019 23:50:43.
     1>Проект "D:\OPenGL\OPenGL\ODZ\ODZ\ODZ\ODZ.vcxproj" в узле 2 (целевые объекты build).
     1>InitializeBuildStatus:
         Создание "Debug\ODZ.unsuccessfulbuild", так как было задано "AlwaysCreate".
       ClCompile:
         D:\VS2010\VC\bin\CL.exe /c /ZI /nologo /W3 /WX- /Od /Oy- /D _MBCS /Gm /EHsc /RTC1 /MDd /GS /fp:precise /Zc:wchar_t /Zc:forScope /Fo"Debug\\" /Fd"Debug\vc100.pdb" /Gd /TP /analyze- /errorReport:prompt vmainf.cpp
         vmainf.cpp
     1>d:\opengl\opengl\odz\odz\odz\vmainf.cpp(108): warning C4101: nor: неиспользованная локальная переменная
     1>d:\opengl\opengl\odz\odz\odz\vmainf.cpp(890): warning C4101: i: неиспользованная локальная переменная
     1>d:\opengl\opengl\odz\odz\odz\vmainf.cpp(890): warning C4101: j: неиспользованная локальная переменная
       Link:
         D:\VS2010\VC\bin\link.exe /ERRORREPORT:PROMPT /OUT:"D:\OPenGL\OPenGL\ODZ\ODZ\Debug\ODZ.exe" /NOLOGO opengl32.lib glu32.lib glaux.lib glut32.lib kernel32.lib user32.lib gdi32.lib winspool.lib comdlg32.lib advapi32.lib shell32.lib ole32.lib oleaut32.lib uuid.lib odbc32.lib odbccp32.lib /MANIFEST /ManifestFile:"Debug\ODZ.exe.intermediate.manifest" /MANIFESTUAC:"level='asInvoker' uiAccess='false'" /DEBUG /PDB:"D:\OPenGL\OPenGL\ODZ\ODZ\Debug\ODZ.pdb" /TLBID:1 /DYNAMICBASE /NXCOMPAT /IMPLIB:"D:\OPenGL\OPenGL\ODZ\ODZ\Debug\ODZ.lib" /MACHINE:X86 Debug\vmainf.obj
         LINK : не найден или не выполнена сборка D:\OPenGL\OPenGL\ODZ\ODZ\Debug\ODZ.exe при последней инкрементной компоновке; выполняется полная компоновка
         ODZ.vcxproj -> D:\OPenGL\OPenGL\ODZ\ODZ\Debug\ODZ.exe
       Manifest:
         C:\Program Files (x86)\Microsoft SDKs\Windows\v7.0A\bin\mt.exe /nologo /verbose /outputresource:"D:\OPenGL\OPenGL\ODZ\ODZ\Debug\ODZ.exe;#1" /manifest Debug\ODZ.exe.intermediate.manifest
       FinalizeBuildStatus:
         Файл "Debug\ODZ.unsuccessfulbuild" удаляется.
         Обращение к "Debug\ODZ.lastbuildstate".
     1>Построение проекта "D:\OPenGL\OPenGL\ODZ\ODZ\ODZ\ODZ.vcxproj" завершено (целевые объекты build).

Построение успешно завершено.

Затраченное время: 00:00:02.11
